  MOT0101.cpp
C:\Users\as201812\Desktop\Škola\alg1\alg-projekt\MOT0101\MOT0101\MOT0101.cpp(45,19): warning C4267: =: Převod z: size_t na: int, může dojít ke ztrátě dat.
C:\Users\as201812\Desktop\Škola\alg1\alg-projekt\MOT0101\MOT0101\MOT0101.cpp(47,13): warning C4267: inicializování: Převod z: size_t na: int, může dojít ke ztrátě dat.
C:\Users\as201812\Desktop\Škola\alg1\alg-projekt\MOT0101\MOT0101\MOT0101.cpp(50,20): warning C4267: =: Převod z: size_t na: int, může dojít ke ztrátě dat.
C:\Users\as201812\Desktop\Škola\alg1\alg-projekt\MOT0101\MOT0101\MOT0101.cpp(54,20): warning C4267: =: Převod z: size_t na: int, může dojít ke ztrátě dat.
C:\Users\as201812\Desktop\Škola\alg1\alg-projekt\MOT0101\MOT0101\MOT0101.cpp(57,20): warning C4267: =: Převod z: size_t na: int, může dojít ke ztrátě dat.
C:\Users\as201812\Desktop\Škola\alg1\alg-projekt\MOT0101\MOT0101\MOT0101.cpp(43,11): warning C4101: mesic: neodkazovaná lokální proměnná
C:\Users\as201812\Desktop\Škola\alg1\alg-projekt\MOT0101\MOT0101\MOT0101.cpp(43,39): warning C4101: vterina: neodkazovaná lokální proměnná
C:\Users\as201812\Desktop\Škola\alg1\alg-projekt\MOT0101\MOT0101\MOT0101.cpp(43,18): warning C4101: den: neodkazovaná lokální proměnná
C:\Users\as201812\Desktop\Škola\alg1\alg-projekt\MOT0101\MOT0101\MOT0101.cpp(43,23): warning C4101: hodina: neodkazovaná lokální proměnná
C:\Users\as201812\Desktop\Škola\alg1\alg-projekt\MOT0101\MOT0101\MOT0101.cpp(43,6): warning C4101: rok: neodkazovaná lokální proměnná
C:\Users\as201812\Desktop\Škola\alg1\alg-projekt\MOT0101\MOT0101\MOT0101.cpp(43,31): warning C4101: minuta: neodkazovaná lokální proměnná
C:\Users\as201812\Desktop\Škola\alg1\alg-projekt\MOT0101\MOT0101\MOT0101.cpp(89,24): warning C4244: =: unsigned long se převádí na float; může dojít ke ztrátě dat.
C:\Users\as201812\Desktop\Škola\alg1\alg-projekt\MOT0101\MOT0101\MOT0101.cpp(90,25): warning C4244: =: unsigned long se převádí na float; může dojít ke ztrátě dat.
C:\Users\as201812\Desktop\Škola\alg1\alg-projekt\MOT0101\MOT0101\MOT0101.cpp(91,26): warning C4244: =: double se převádí na float; může dojít ke ztrátě dat.
C:\Users\as201812\Desktop\Škola\alg1\alg-projekt\MOT0101\MOT0101\MOT0101.cpp(92,24): warning C4244: =: unsigned long se převádí na float; může dojít ke ztrátě dat.
C:\Users\as201812\Desktop\Škola\alg1\alg-projekt\MOT0101\MOT0101\MOT0101.cpp(93,25): warning C4244: =: unsigned long se převádí na float; může dojít ke ztrátě dat.
C:\Users\as201812\Desktop\Škola\alg1\alg-projekt\MOT0101\MOT0101\MOT0101.cpp(94,26): warning C4244: =: double se převádí na float; může dojít ke ztrátě dat.
C:\Users\as201812\Desktop\Škola\alg1\alg-projekt\MOT0101\MOT0101\MOT0101.cpp(236,2): warning C4102: std: neodkazovaná jmenovka
C:\Users\as201812\Desktop\Škola\alg1\alg-projekt\MOT0101\MOT0101\MOT0101.cpp(196,1): warning C4715: hledat: ne všechny cesty k ovládacím prvkům vrací hodnotu
  MOT0101.vcxproj -> C:\Users\as201812\Desktop\Škola\alg1\alg-projekt\MOT0101\x64\Debug\MOT0101.exe
